<?xml version="1.0" encoding="UTF-8"?>
<!-- Generated by org.testng.reporters.JUnitReportReporter -->
<testsuite skipped="0" hostname="DESKTOP-HR354BH" name="com.nir.selenium.TestNgPlayground" tests="2" failures="0" timestamp="27 Jan 2018 14:03:44 GMT" time="0.005" errors="0">
  <testcase name="test1" time="0.004" classname="com.nir.selenium.TestNgPlayground"/>
  <testcase name="test2" time="0.001" classname="com.nir.selenium.TestNgPlayground"/>
</testsuite> <!-- com.nir.selenium.TestNgPlayground -->
