<?xml version="1.0" encoding="UTF-8"?>
<!-- Generated by org.testng.reporters.JUnitReportReporter -->
<testsuite skipped="0" hostname="DESKTOP-HR354BH" name="com.nir.selenium.Chapter3" tests="1" failures="0" timestamp="02 Apr 2018 20:40:19 GMT" time="2.510" errors="0">
  <testcase name="selectExample" time="2.510" classname="com.nir.selenium.Chapter3"/>
</testsuite> <!-- com.nir.selenium.Chapter3 -->
