<?xml version="1.0" encoding="UTF-8"?>
<!-- Generated by org.testng.reporters.JUnitReportReporter -->
<testsuite skipped="0" hostname="DESKTOP-HR354BH" name="com.nir.selenium.HelloWebDriver" tests="1" failures="0" timestamp="02 Apr 2018 12:04:22 GMT" time="2.448" errors="0">
  <testcase name="WikipediaTitle" time="2.448" classname="com.nir.selenium.HelloWebDriver"/>
</testsuite> <!-- com.nir.selenium.HelloWebDriver -->
