<?xml version="1.0" encoding="UTF-8"?>
<!-- Generated by org.testng.reporters.JUnitReportReporter -->
<testsuite skipped="0" hostname="DESKTOP-HR354BH" name="com.nir.selenium.Chapter4" tests="1" failures="0" timestamp="03 Apr 2018 16:38:13 GMT" time="1.602" errors="0">
  <testcase name="examineStyle" time="1.602" classname="com.nir.selenium.Chapter4"/>
</testsuite> <!-- com.nir.selenium.Chapter4 -->
